<?xml version="1.0" encoding="UTF-8"?>
<robot generator="Robot 3.0.2 (Python 3.5.2 on win32)" generated="20170809 13:28:50.806">
<suite id="s1" name="Onboarding" source="C:\robot_fr_newtab\tests\onboarding.robot">
<test id="s1-t1" name="Onboarding Continue and Add">
<kw name="Open Chrome With NewTab" library="chrome_webdriver">
<kw name="Evaluate" library="BuiltIn">
<doc>Evaluates the given expression in Python and returns the results.</doc>
<arguments>
<arg>sys.modules['selenium.webdriver'].ChromeOptions()</arg>
<arg>sys</arg>
</arguments>
<assign>
<var>${chrome_options}</var>
</assign>
<msg timestamp="20170809 13:28:51.050" level="INFO">${chrome_options} = &lt;selenium.webdriver.chrome.options.Options object at 0x03FD8730&gt;</msg>
<status endtime="20170809 13:28:51.050" starttime="20170809 13:28:51.050" status="PASS"></status>
</kw>
<kw name="Call Method" library="BuiltIn">
<doc>Calls the named method of the given object with the provided arguments.</doc>
<arguments>
<arg>${chrome_options}</arg>
<arg>add_extension</arg>
<arg>${CrxPath}</arg>
</arguments>
<status endtime="20170809 13:28:51.050" starttime="20170809 13:28:51.050" status="PASS"></status>
</kw>
<kw name="Create Webdriver" library="Selenium2Library">
<doc>Creates an instance of a WebDriver.</doc>
<arguments>
<arg>Chrome</arg>
<arg>chrome_options=${chrome_options}</arg>
</arguments>
<msg timestamp="20170809 13:28:51.051" level="INFO">Creating an instance of the Chrome WebDriver</msg>
<status endtime="20170809 13:28:56.440" starttime="20170809 13:28:51.050" status="PASS"></status>
</kw>
<kw name="Set Selenium Implicit Wait" library="Selenium2Library">
<doc>Sets Selenium 2's default implicit wait in seconds and</doc>
<arguments>
<arg>15</arg>
</arguments>
<status endtime="20170809 13:28:56.442" starttime="20170809 13:28:56.440" status="PASS"></status>
</kw>
<kw name="Go To" library="Selenium2Library">
<doc>Navigates the active browser instance to the provided URL.</doc>
<arguments>
<arg>chrome://newtab</arg>
</arguments>
<msg timestamp="20170809 13:28:56.442" level="INFO">Opening url 'chrome://newtab'</msg>
<status endtime="20170809 13:28:56.990" starttime="20170809 13:28:56.442" status="PASS"></status>
</kw>
<status endtime="20170809 13:28:56.990" starttime="20170809 13:28:51.048" status="PASS"></status>
</kw>
<kw name="Onboarding Page One" library="onboarding_pages">
<kw name="Element Should Be Visible" library="Selenium2Library">
<doc>Verifies that the element identified by `locator` is visible.</doc>
<arguments>
<arg>${PulsOnboardingTitle}</arg>
</arguments>
<msg timestamp="20170809 13:28:56.991" level="INFO">Verifying element 'xpath=//div[@class='slide-content']/span[@class='slide-title'][text()='Настройте Пульс']' is visible.</msg>
<status endtime="20170809 13:28:57.690" starttime="20170809 13:28:56.991" status="PASS"></status>
</kw>
<kw name="Element Should Be Visible" library="Selenium2Library">
<doc>Verifies that the element identified by `locator` is visible.</doc>
<arguments>
<arg>${TileThemeGreyDeafult}</arg>
</arguments>
<msg timestamp="20170809 13:28:57.690" level="INFO">Verifying element 'xpath=//div[@class='selectable-item-overlay-check']/checkmark[@class='ng-isolate-scope']' is visible.</msg>
<status endtime="20170809 13:28:57.807" starttime="20170809 13:28:57.690" status="PASS"></status>
</kw>
<kw name="Element Should Be Visible" library="Selenium2Library">
<doc>Verifies that the element identified by `locator` is visible.</doc>
<arguments>
<arg>${TileThemeMountains}</arg>
</arguments>
<msg timestamp="20170809 13:28:57.807" level="INFO">Verifying element 'xpath=//div[@class='theme-background'][@style='background-image: url("http://amigoimgs.cdnmail.ru/299fae27a22ce3a9b43d9f878784c7bb.jpg");']' is visible.</msg>
<status endtime="20170809 13:28:57.990" starttime="20170809 13:28:57.807" status="PASS"></status>
</kw>
<kw name="Element Should Be Visible" library="Selenium2Library">
<doc>Verifies that the element identified by `locator` is visible.</doc>
<arguments>
<arg>${TileThemeAbstract}</arg>
</arguments>
<msg timestamp="20170809 13:28:57.991" level="INFO">Verifying element 'xpath=//div[@class='theme-background'][@style='background-image: url("http://amigoimgs.cdnmail.ru/3b81d18b013ebdd50f8ba980b7640834.jpg");']' is visible.</msg>
<status endtime="20170809 13:28:58.035" starttime="20170809 13:28:57.990" status="PASS"></status>
</kw>
<kw name="Element Should Be Visible" library="Selenium2Library">
<doc>Verifies that the element identified by `locator` is visible.</doc>
<arguments>
<arg>${TileThemeCitrus}</arg>
</arguments>
<msg timestamp="20170809 13:28:58.036" level="INFO">Verifying element 'xpath=//div[@class='theme-background'][@style='background-image: url("http://amigoimgs.cdnmail.ru/af5e58c3e5a013c1bd826f661c8a471c.jpg");']' is visible.</msg>
<status endtime="20170809 13:28:58.077" starttime="20170809 13:28:58.035" status="PASS"></status>
</kw>
<kw name="Element Should Be Visible" library="Selenium2Library">
<doc>Verifies that the element identified by `locator` is visible.</doc>
<arguments>
<arg>${TileThemeGames}</arg>
</arguments>
<msg timestamp="20170809 13:28:58.078" level="INFO">Verifying element 'xpath=//div[@class='theme-background'][@style='background-image: url("http://amigoimgs.cdnmail.ru/d292b9ed0256cce4ab4785a3e66e0b3f.jpg");']' is visible.</msg>
<status endtime="20170809 13:28:58.110" starttime="20170809 13:28:58.077" status="PASS"></status>
</kw>
<kw name="Element Should Be Visible" library="Selenium2Library">
<doc>Verifies that the element identified by `locator` is visible.</doc>
<arguments>
<arg>${TileThemeGrass}</arg>
</arguments>
<msg timestamp="20170809 13:28:58.111" level="INFO">Verifying element 'xpath=//div[@class='theme-background'][@style='background-image: url("http://amigoimgs.cdnmail.ru/1e1b128f6875fe197758877699b6cc15.jpg");']' is visible.</msg>
<status endtime="20170809 13:28:58.144" starttime="20170809 13:28:58.111" status="PASS"></status>
</kw>
<kw name="Element Should Be Visible" library="Selenium2Library">
<doc>Verifies that the element identified by `locator` is visible.</doc>
<arguments>
<arg>${TileThemeRedFlowers}</arg>
</arguments>
<msg timestamp="20170809 13:28:58.145" level="INFO">Verifying element 'xpath=//div[@class='theme-background'][@style='background-image: url("http://amigoimgs.cdnmail.ru/76c327ce70d92f6fe2b5101bbaaec42d.jpg");']' is visible.</msg>
<status endtime="20170809 13:28:58.175" starttime="20170809 13:28:58.144" status="PASS"></status>
</kw>
<kw name="Element Should Be Visible" library="Selenium2Library">
<doc>Verifies that the element identified by `locator` is visible.</doc>
<arguments>
<arg>${TileThemeBlueFlower}</arg>
</arguments>
<msg timestamp="20170809 13:28:58.175" level="INFO">Verifying element 'xpath=//div[@class='theme-background'][@style='background-image: url("http://amigoimgs.cdnmail.ru/578d182e78c54d65d5fddb530f423005.jpg");']' is visible.</msg>
<status endtime="20170809 13:28:58.206" starttime="20170809 13:28:58.175" status="PASS"></status>
</kw>
<kw name="Element Should Be Visible" library="Selenium2Library">
<doc>Verifies that the element identified by `locator` is visible.</doc>
<arguments>
<arg>${TileThemeCity}</arg>
</arguments>
<msg timestamp="20170809 13:28:58.207" level="INFO">Verifying element 'xpath=//div[@class='theme-background'][@style='background-image: url("http://amigoimgs.cdnmail.ru/825a866d8dfdcddfd01dee9730691676.jpg");']' is visible.</msg>
<status endtime="20170809 13:28:58.237" starttime="20170809 13:28:58.206" status="PASS"></status>
</kw>
<kw name="Element Should Be Visible" library="Selenium2Library">
<doc>Verifies that the element identified by `locator` is visible.</doc>
<arguments>
<arg>${TileThemeHzChoEto}</arg>
</arguments>
<msg timestamp="20170809 13:28:58.238" level="INFO">Verifying element 'xpath=//div[@class='theme-background'][@style='background-image: url("http://amigoimgs.cdnmail.ru/ea251d474f92705e7a2fbbcfc49fa1d6.jpg");']' is visible.</msg>
<status endtime="20170809 13:28:58.276" starttime="20170809 13:28:58.237" status="PASS"></status>
</kw>
<kw name="Element Should Be Visible" library="Selenium2Library">
<doc>Verifies that the element identified by `locator` is visible.</doc>
<arguments>
<arg>${TileThemeWave}</arg>
</arguments>
<msg timestamp="20170809 13:28:58.277" level="INFO">Verifying element 'xpath=//div[@class='theme-background'][@style='background-image: url("http://amigoimgs.cdnmail.ru/dc48548527ca3fe317c5d4e58a9372b8.jpg");']' is visible.</msg>
<status endtime="20170809 13:28:58.316" starttime="20170809 13:28:58.276" status="PASS"></status>
</kw>
<kw name="Element Should Be Visible" library="Selenium2Library">
<doc>Verifies that the element identified by `locator` is visible.</doc>
<arguments>
<arg>${TileThemeTrees}</arg>
</arguments>
<msg timestamp="20170809 13:28:58.317" level="INFO">Verifying element 'xpath=//div[@class='theme-background'][@style='background-image: url("http://amigoimgs.cdnmail.ru/2574f03dae022d4e5696bf930b11589c.jpg");']' is visible.</msg>
<status endtime="20170809 13:28:58.389" starttime="20170809 13:28:58.317" status="PASS"></status>
</kw>
<kw name="Element Should Be Visible" library="Selenium2Library">
<doc>Verifies that the element identified by `locator` is visible.</doc>
<arguments>
<arg>${TileThemeAuroraBorealis}</arg>
</arguments>
<msg timestamp="20170809 13:28:58.390" level="INFO">Verifying element 'xpath=//div[@class='theme-background'][@style='background-image: url("http://amigoimgs.cdnmail.ru/0177885f35c2e77e32af9b23d8e214b2.jpg");']' is visible.</msg>
<status endtime="20170809 13:28:58.428" starttime="20170809 13:28:58.390" status="PASS"></status>
</kw>
<kw name="Element Should Be Visible" library="Selenium2Library">
<doc>Verifies that the element identified by `locator` is visible.</doc>
<arguments>
<arg>${TileThemeGlacierLake}</arg>
</arguments>
<msg timestamp="20170809 13:28:58.429" level="INFO">Verifying element 'xpath=//div[@class='theme-background'][@style='background-image: url("http://amigoimgs.cdnmail.ru/0177885f35c2e77e32af9b23d8e214b2.jpg");']' is visible.</msg>
<status endtime="20170809 13:28:58.445" starttime="20170809 13:28:58.429" status="PASS"></status>
</kw>
<kw name="Element Should Be Visible" library="Selenium2Library">
<doc>Verifies that the element identified by `locator` is visible.</doc>
<arguments>
<arg>${TileThemeMistyRock}</arg>
</arguments>
<msg timestamp="20170809 13:28:58.445" level="INFO">Verifying element 'xpath=//div[@class='theme-background'][@style='background-image: url("http://amigoimgs.cdnmail.ru/42ed0788c241850affac709ff2ffadd1.jpg");']' is visible.</msg>
<status endtime="20170809 13:28:58.483" starttime="20170809 13:28:58.445" status="PASS"></status>
</kw>
<kw name="Element Should Be Visible" library="Selenium2Library">
<doc>Verifies that the element identified by `locator` is visible.</doc>
<arguments>
<arg>${OnboardingControlTitle}</arg>
</arguments>
<msg timestamp="20170809 13:28:58.484" level="INFO">Verifying element 'xpath=//span[@class='onboarding-title ng-binding'][text()='Выберите фон']' is visible.</msg>
<status endtime="20170809 13:28:58.516" starttime="20170809 13:28:58.483" status="PASS"></status>
</kw>
<kw name="Element Should Be Visible" library="Selenium2Library">
<doc>Verifies that the element identified by `locator` is visible.</doc>
<arguments>
<arg>${OnboardingControlDescription}</arg>
</arguments>
<msg timestamp="20170809 13:28:58.516" level="INFO">Verifying element 'xpath=//span[@class='onboarding-description-text ng-binding'][text()='Яркий фон из нашей коллекции поднимет вам настроение.']' is visible.</msg>
<status endtime="20170809 13:28:58.547" starttime="20170809 13:28:58.516" status="PASS"></status>
</kw>
<kw name="Element Should Be Visible" library="Selenium2Library">
<doc>Verifies that the element identified by `locator` is visible.</doc>
<arguments>
<arg>${OnboardingControlProgress12}</arg>
</arguments>
<msg timestamp="20170809 13:28:58.547" level="INFO">Verifying element 'xpath=//span[@class='onboarding-progress ng-binding'][text()='1 из 2']' is visible.</msg>
<status endtime="20170809 13:28:58.577" starttime="20170809 13:28:58.547" status="PASS"></status>
</kw>
<kw name="Element Should Be Visible" library="Selenium2Library">
<doc>Verifies that the element identified by `locator` is visible.</doc>
<arguments>
<arg>${OnboardingControlSkip}</arg>
</arguments>
<msg timestamp="20170809 13:28:58.577" level="INFO">Verifying element 'xpath=//button[@class='onboarding-skip-button action-button secondary-button'][text()='Пропустить']' is visible.</msg>
<status endtime="20170809 13:28:58.609" starttime="20170809 13:28:58.577" status="PASS"></status>
</kw>
<kw name="Element Should Be Visible" library="Selenium2Library">
<doc>Verifies that the element identified by `locator` is visible.</doc>
<arguments>
<arg>${OnboardingControlContinue}</arg>
</arguments>
<msg timestamp="20170809 13:28:58.609" level="INFO">Verifying element 'xpath=//button[@class='onboarding-continue-button action-button primary-button ng-binding'][text()='Продолжить']' is visible.</msg>
<status endtime="20170809 13:28:58.643" starttime="20170809 13:28:58.609" status="PASS"></status>
</kw>
<status endtime="20170809 13:28:58.644" starttime="20170809 13:28:56.990" status="PASS"></status>
</kw>
<kw name="Click Element" library="Selenium2Library">
<doc>Click element identified by `locator`.</doc>
<arguments>
<arg>${OnboardingControlContinue}</arg>
</arguments>
<msg timestamp="20170809 13:28:58.644" level="INFO">Clicking element 'xpath=//button[@class='onboarding-continue-button action-button primary-button ng-binding'][text()='Продолжить']'.</msg>
<status endtime="20170809 13:28:58.815" starttime="20170809 13:28:58.644" status="PASS"></status>
</kw>
<kw name="Onboarding Page Two" library="onboarding_pages">
<kw name="Element Should Be Visible" library="Selenium2Library">
<doc>Verifies that the element identified by `locator` is visible.</doc>
<arguments>
<arg>${PulsOnboardingTitle}</arg>
</arguments>
<msg timestamp="20170809 13:28:58.815" level="INFO">Verifying element 'xpath=//div[@class='slide-content']/span[@class='slide-title'][text()='Настройте Пульс']' is visible.</msg>
<status endtime="20170809 13:28:59.067" starttime="20170809 13:28:58.815" status="PASS"></status>
</kw>
<kw name="Element Should Be Visible" library="Selenium2Library">
<doc>Verifies that the element identified by `locator` is visible.</doc>
<arguments>
<arg>${TileEmailSelected}</arg>
</arguments>
<msg timestamp="20170809 13:28:59.068" level="INFO">Verifying element 'xpath=//div[@class='selectable-item-overlay-check']/../preceding-sibling::div/email-tile' is visible.</msg>
<status endtime="20170809 13:28:59.117" starttime="20170809 13:28:59.068" status="PASS"></status>
</kw>
<kw name="Element Should Be Visible" library="Selenium2Library">
<doc>Verifies that the element identified by `locator` is visible.</doc>
<arguments>
<arg>${TileMailRuSelected}</arg>
</arguments>
<msg timestamp="20170809 13:28:59.118" level="INFO">Verifying element 'xpath=//div[@class='selectable-item-overlay-check']/../preceding-sibling::div/site-tile//div[@class='tile-title-container']/span[text()='Mail.Ru']' is visible.</msg>
<status endtime="20170809 13:29:00.273" starttime="20170809 13:28:59.118" status="PASS"></status>
</kw>
<kw name="Element Should Be Visible" library="Selenium2Library">
<doc>Verifies that the element identified by `locator` is visible.</doc>
<arguments>
<arg>${TileHoroSelected}</arg>
</arguments>
<msg timestamp="20170809 13:29:00.273" level="INFO">Verifying element 'xpath=//div[@class='selectable-item-overlay-check']/../preceding-sibling::div/horo-tile' is visible.</msg>
<status endtime="20170809 13:29:00.442" starttime="20170809 13:29:00.273" status="PASS"></status>
</kw>
<kw name="Element Should Be Visible" library="Selenium2Library">
<doc>Verifies that the element identified by `locator` is visible.</doc>
<arguments>
<arg>${TileWeatherSelected}</arg>
</arguments>
<msg timestamp="20170809 13:29:00.442" level="INFO">Verifying element 'xpath=//div[@class='selectable-item-overlay-check']/../preceding-sibling::div/weather-tile' is visible.</msg>
<status endtime="20170809 13:29:00.648" starttime="20170809 13:29:00.442" status="PASS"></status>
</kw>
<kw name="Element Should Be Visible" library="Selenium2Library">
<doc>Verifies that the element identified by `locator` is visible.</doc>
<arguments>
<arg>${TileCurrencySelected}</arg>
</arguments>
<msg timestamp="20170809 13:29:00.648" level="INFO">Verifying element 'xpath=//div[@class='selectable-item-overlay-check']/../preceding-sibling::div/currency-tile' is visible.</msg>
<status endtime="20170809 13:29:00.697" starttime="20170809 13:29:00.648" status="PASS"></status>
</kw>
<kw name="Element Should Be Visible" library="Selenium2Library">
<doc>Verifies that the element identified by `locator` is visible.</doc>
<arguments>
<arg>${TileAliExpressSelected}</arg>
</arguments>
<msg timestamp="20170809 13:29:00.697" level="INFO">Verifying element 'xpath=//div[@class='selectable-item-overlay-check']/../preceding-sibling::div/site-tile//div[@class='tile-title-container']/span[text()='AliExpress.com']' is visible.</msg>
<status endtime="20170809 13:29:00.740" starttime="20170809 13:29:00.697" status="PASS"></status>
</kw>
<kw name="Element Should Be Visible" library="Selenium2Library">
<doc>Verifies that the element identified by `locator` is visible.</doc>
<arguments>
<arg>${TileArmataSelected}</arg>
</arguments>
<msg timestamp="20170809 13:29:00.741" level="INFO">Verifying element 'xpath=//div[@class='selectable-item-overlay-check']/../preceding-sibling::div/content-tile//div[@class='tile-title-container']/span[text()='Армата']' is visible.</msg>
<status endtime="20170809 13:29:00.777" starttime="20170809 13:29:00.740" status="PASS"></status>
</kw>
<kw name="Element Should Be Visible" library="Selenium2Library">
<doc>Verifies that the element identified by `locator` is visible.</doc>
<arguments>
<arg>${TileCloudSelected}</arg>
</arguments>
<msg timestamp="20170809 13:29:00.778" level="INFO">Verifying element 'xpath=//div[@class='selectable-item-overlay-check']/../preceding-sibling::div/site-tile//div[@class='tile-title-container']/span[contains(text(),'Облако')]' is visible.</msg>
<status endtime="20170809 13:29:00.823" starttime="20170809 13:29:00.778" status="PASS"></status>
</kw>
<kw name="Element Should Be Visible" library="Selenium2Library">
<doc>Verifies that the element identified by `locator` is visible.</doc>
<arguments>
<arg>${TileCinemaSelected}</arg>
</arguments>
<msg timestamp="20170809 13:29:00.824" level="INFO">Verifying element 'xpath=//div[@class='selectable-item-overlay-check']/../preceding-sibling::div/site-tile//div[@class='tile-title-container']/span[contains(text(), 'Кино')]' is visible.</msg>
<status endtime="20170809 13:29:01.025" starttime="20170809 13:29:00.823" status="PASS"></status>
</kw>
<kw name="Element Should Be Visible" library="Selenium2Library">
<doc>Verifies that the element identified by `locator` is visible.</doc>
<arguments>
<arg>${TileOKSelected}</arg>
</arguments>
<msg timestamp="20170809 13:29:01.026" level="INFO">Verifying element 'xpath=//div[@class='selectable-item-overlay-check']/../preceding-sibling::div/site-tile//div[@class='tile-title-container']/span[text()='Одноклассники']' is visible.</msg>
<status endtime="20170809 13:29:01.060" starttime="20170809 13:29:01.025" status="PASS"></status>
</kw>
<kw name="Element Should Be Visible" library="Selenium2Library">
<doc>Verifies that the element identified by `locator` is visible.</doc>
<arguments>
<arg>${TileVKSelected}</arg>
</arguments>
<msg timestamp="20170809 13:29:01.060" level="INFO">Verifying element 'xpath=//div[@class='selectable-item-overlay-check']/../preceding-sibling::div/site-tile//div[@class='tile-title-container']/span[text()='ВКонтакте']' is visible.</msg>
<status endtime="20170809 13:29:01.093" starttime="20170809 13:29:01.060" status="PASS"></status>
</kw>
<kw name="Element Should Be Visible" library="Selenium2Library">
<doc>Verifies that the element identified by `locator` is visible.</doc>
<arguments>
<arg>${TileMMSelected}</arg>
</arguments>
<msg timestamp="20170809 13:29:01.093" level="INFO">Verifying element 'xpath=//div[@class='selectable-item-overlay-check']/../preceding-sibling::div/site-tile//div[@class='tile-title-container']/span[contains(text(), 'Мир@mail.ru')]' is visible.</msg>
<status endtime="20170809 13:29:01.124" starttime="20170809 13:29:01.093" status="PASS"></status>
</kw>
<kw name="Element Should Be Visible" library="Selenium2Library">
<doc>Verifies that the element identified by `locator` is visible.</doc>
<arguments>
<arg>${TileArcheAge}</arg>
</arguments>
<msg timestamp="20170809 13:29:01.124" level="INFO">Verifying element 'xpath=//content-tile//div[@class='tile-title-container']/span[text()='ArcheAge']' is visible.</msg>
<status endtime="20170809 13:29:01.154" starttime="20170809 13:29:01.124" status="PASS"></status>
</kw>
<kw name="Element Should Be Visible" library="Selenium2Library">
<doc>Verifies that the element identified by `locator` is visible.</doc>
<arguments>
<arg>${TileCrossfire}</arg>
</arguments>
<msg timestamp="20170809 13:29:01.154" level="INFO">Verifying element 'xpath=//content-tile//div[@class='tile-title-container']/span[text()='Crossfire']' is visible.</msg>
<status endtime="20170809 13:29:01.184" starttime="20170809 13:29:01.154" status="PASS"></status>
</kw>
<kw name="Element Should Be Visible" library="Selenium2Library">
<doc>Verifies that the element identified by `locator` is visible.</doc>
<arguments>
<arg>${TileBoomz}</arg>
</arguments>
<msg timestamp="20170809 13:29:01.184" level="INFO">Verifying element 'xpath=//content-tile//div[@class='tile-title-container']/span[text()='Бумз!']' is visible.</msg>
<status endtime="20170809 13:29:01.213" starttime="20170809 13:29:01.184" status="PASS"></status>
</kw>
<kw name="Element Should Be Visible" library="Selenium2Library">
<doc>Verifies that the element identified by `locator` is visible.</doc>
<arguments>
<arg>${TileParaPa}</arg>
</arguments>
<msg timestamp="20170809 13:29:01.213" level="INFO">Verifying element 'xpath=//content-tile//div[@class='tile-title-container']/span[text()='ПараПа']' is visible.</msg>
<status endtime="20170809 13:29:01.244" starttime="20170809 13:29:01.213" status="PASS"></status>
</kw>
<kw name="Element Should Be Visible" library="Selenium2Library">
<doc>Verifies that the element identified by `locator` is visible.</doc>
<arguments>
<arg>${TilePerfectWorld}</arg>
</arguments>
<msg timestamp="20170809 13:29:01.244" level="INFO">Verifying element 'xpath=//content-tile//div[@class='tile-title-container']/span[contains(text(), 'Perfect')]' is visible.</msg>
<status endtime="20170809 13:29:01.273" starttime="20170809 13:29:01.244" status="PASS"></status>
</kw>
<kw name="Element Should Be Visible" library="Selenium2Library">
<doc>Verifies that the element identified by `locator` is visible.</doc>
<arguments>
<arg>${TileWarFace}</arg>
</arguments>
<msg timestamp="20170809 13:29:01.274" level="INFO">Verifying element 'xpath=//content-tile//div[@class='tile-title-container']/span[text()='Warface']' is visible.</msg>
<status endtime="20170809 13:29:01.304" starttime="20170809 13:29:01.274" status="PASS"></status>
</kw>
<kw name="Element Should Be Visible" library="Selenium2Library">
<doc>Verifies that the element identified by `locator` is visible.</doc>
<arguments>
<arg>${TileSkyForge}</arg>
</arguments>
<msg timestamp="20170809 13:29:01.304" level="INFO">Verifying element 'xpath=//content-tile//div[@class='tile-title-container']/span[text()='Skyforge']' is visible.</msg>
<status endtime="20170809 13:29:01.335" starttime="20170809 13:29:01.304" status="PASS"></status>
</kw>
<kw name="Element Should Be Visible" library="Selenium2Library">
<doc>Verifies that the element identified by `locator` is visible.</doc>
<arguments>
<arg>${TileAllods}</arg>
</arguments>
<msg timestamp="20170809 13:29:01.336" level="INFO">Verifying element 'xpath=//content-tile//div[@class='tile-title-container']/span[text()='Allods']' is visible.</msg>
<status endtime="20170809 13:29:01.366" starttime="20170809 13:29:01.335" status="PASS"></status>
</kw>
<kw name="Element Should Be Visible" library="Selenium2Library">
<doc>Verifies that the element identified by `locator` is visible.</doc>
<arguments>
<arg>${OnboardingControl2Title}</arg>
</arguments>
<msg timestamp="20170809 13:29:01.366" level="INFO">Verifying element 'xpath=//span[@class='onboarding-title ng-binding'][text()='Добавьте любимые сайты']' is visible.</msg>
<status endtime="20170809 13:29:01.396" starttime="20170809 13:29:01.366" status="PASS"></status>
</kw>
<kw name="Element Should Be Visible" library="Selenium2Library">
<doc>Verifies that the element identified by `locator` is visible.</doc>
<arguments>
<arg>${OnboardingControl2Description}</arg>
</arguments>
<msg timestamp="20170809 13:29:01.396" level="INFO">Verifying element 'xpath=//span[@class='onboarding-description-text ng-binding'][text()='Добавьте часто посещаемые страницы в «Мои сайты», чтобы они всегда были под рукой.']' is visible.</msg>
<status endtime="20170809 13:29:01.428" starttime="20170809 13:29:01.396" status="PASS"></status>
</kw>
<kw name="Element Should Be Visible" library="Selenium2Library">
<doc>Verifies that the element identified by `locator` is visible.</doc>
<arguments>
<arg>${OnboardingControlProgress22}</arg>
</arguments>
<msg timestamp="20170809 13:29:01.428" level="INFO">Verifying element 'xpath=//span[@class='onboarding-progress ng-binding'][text()='2 из 2']' is visible.</msg>
<status endtime="20170809 13:29:01.460" starttime="20170809 13:29:01.428" status="PASS"></status>
</kw>
<kw name="Element Should Be Visible" library="Selenium2Library">
<doc>Verifies that the element identified by `locator` is visible.</doc>
<arguments>
<arg>${OnboardingControlSkip}</arg>
</arguments>
<msg timestamp="20170809 13:29:01.460" level="INFO">Verifying element 'xpath=//button[@class='onboarding-skip-button action-button secondary-button'][text()='Пропустить']' is visible.</msg>
<status endtime="20170809 13:29:01.489" starttime="20170809 13:29:01.460" status="PASS"></status>
</kw>
<kw name="Element Should Be Visible" library="Selenium2Library">
<doc>Verifies that the element identified by `locator` is visible.</doc>
<arguments>
<arg>${OnboardingControlAdd}</arg>
</arguments>
<msg timestamp="20170809 13:29:01.490" level="INFO">Verifying element 'xpath=//button[@class='onboarding-continue-button action-button primary-button ng-binding'][text()='Добавить']' is visible.</msg>
<status endtime="20170809 13:29:01.523" starttime="20170809 13:29:01.489" status="PASS"></status>
</kw>
<status endtime="20170809 13:29:01.523" starttime="20170809 13:28:58.815" status="PASS"></status>
</kw>
<kw name="Click Element" library="Selenium2Library">
<doc>Click element identified by `locator`.</doc>
<arguments>
<arg>${OnboardingControlAdd}</arg>
</arguments>
<msg timestamp="20170809 13:29:01.523" level="INFO">Clicking element 'xpath=//button[@class='onboarding-continue-button action-button primary-button ng-binding'][text()='Добавить']'.</msg>
<status endtime="20170809 13:29:01.627" starttime="20170809 13:29:01.523" status="PASS"></status>
</kw>
<kw name="Board Default" library="puls_boards_pages">
<kw name="Element Should Be Enabled" library="Selenium2Library">
<doc>Verifies that element identified with `locator` is enabled.</doc>
<arguments>
<arg>${SearchLineTextBox}</arg>
</arguments>
<status endtime="20170809 13:29:02.081" starttime="20170809 13:29:01.628" status="PASS"></status>
</kw>
<kw name="Element Should Be Visible" library="Selenium2Library">
<doc>Verifies that the element identified by `locator` is visible.</doc>
<arguments>
<arg>${SearchFormGoMailRu}</arg>
</arguments>
<msg timestamp="20170809 13:29:02.082" level="INFO">Verifying element 'xpath=//search-form//form[@action='https://go.mail.ru/search']' is visible.</msg>
<status endtime="20170809 13:29:02.116" starttime="20170809 13:29:02.081" status="PASS"></status>
</kw>
<kw name="Element Should Be Visible" library="Selenium2Library">
<doc>Verifies that the element identified by `locator` is visible.</doc>
<arguments>
<arg>${SearchFormLoupeIcon}</arg>
</arguments>
<msg timestamp="20170809 13:29:02.116" level="INFO">Verifying element 'xpath=//svg-container[@image="'img/search/loupe.svg#loupe'"]' is visible.</msg>
<status endtime="20170809 13:29:02.148" starttime="20170809 13:29:02.116" status="PASS"></status>
</kw>
<status endtime="20170809 13:29:02.148" starttime="20170809 13:29:01.627" status="PASS"></status>
</kw>
<kw name="Close Chrome" library="chrome_webdriver">
<kw name="Close Browser" library="Selenium2Library">
<doc>Closes the current browser.</doc>
<status endtime="20170809 13:29:05.182" starttime="20170809 13:29:02.149" status="PASS"></status>
</kw>
<status endtime="20170809 13:29:05.182" starttime="20170809 13:29:02.149" status="PASS"></status>
</kw>
<status endtime="20170809 13:29:05.182" starttime="20170809 13:28:51.048" status="PASS" critical="yes"></status>
</test>
<test id="s1-t2" name="Onboarding Skip">
<kw name="Open Chrome With NewTab" library="chrome_webdriver">
<kw name="Evaluate" library="BuiltIn">
<doc>Evaluates the given expression in Python and returns the results.</doc>
<arguments>
<arg>sys.modules['selenium.webdriver'].ChromeOptions()</arg>
<arg>sys</arg>
</arguments>
<assign>
<var>${chrome_options}</var>
</assign>
<msg timestamp="20170809 13:29:05.184" level="INFO">${chrome_options} = &lt;selenium.webdriver.chrome.options.Options object at 0x0442A4F0&gt;</msg>
<status endtime="20170809 13:29:05.184" starttime="20170809 13:29:05.184" status="PASS"></status>
</kw>
<kw name="Call Method" library="BuiltIn">
<doc>Calls the named method of the given object with the provided arguments.</doc>
<arguments>
<arg>${chrome_options}</arg>
<arg>add_extension</arg>
<arg>${CrxPath}</arg>
</arguments>
<status endtime="20170809 13:29:05.185" starttime="20170809 13:29:05.184" status="PASS"></status>
</kw>
<kw name="Create Webdriver" library="Selenium2Library">
<doc>Creates an instance of a WebDriver.</doc>
<arguments>
<arg>Chrome</arg>
<arg>chrome_options=${chrome_options}</arg>
</arguments>
<msg timestamp="20170809 13:29:05.185" level="INFO">Creating an instance of the Chrome WebDriver</msg>
<status endtime="20170809 13:29:10.696" starttime="20170809 13:29:05.185" status="PASS"></status>
</kw>
<kw name="Set Selenium Implicit Wait" library="Selenium2Library">
<doc>Sets Selenium 2's default implicit wait in seconds and</doc>
<arguments>
<arg>15</arg>
</arguments>
<status endtime="20170809 13:29:10.697" starttime="20170809 13:29:10.696" status="PASS"></status>
</kw>
<kw name="Go To" library="Selenium2Library">
<doc>Navigates the active browser instance to the provided URL.</doc>
<arguments>
<arg>chrome://newtab</arg>
</arguments>
<msg timestamp="20170809 13:29:10.698" level="INFO">Opening url 'chrome://newtab'</msg>
<status endtime="20170809 13:29:11.230" starttime="20170809 13:29:10.697" status="PASS"></status>
</kw>
<status endtime="20170809 13:29:11.230" starttime="20170809 13:29:05.183" status="PASS"></status>
</kw>
<kw name="Onboarding Page One" library="onboarding_pages">
<kw name="Element Should Be Visible" library="Selenium2Library">
<doc>Verifies that the element identified by `locator` is visible.</doc>
<arguments>
<arg>${PulsOnboardingTitle}</arg>
</arguments>
<msg timestamp="20170809 13:29:11.231" level="INFO">Verifying element 'xpath=//div[@class='slide-content']/span[@class='slide-title'][text()='Настройте Пульс']' is visible.</msg>
<status endtime="20170809 13:29:12.193" starttime="20170809 13:29:11.231" status="PASS"></status>
</kw>
<kw name="Element Should Be Visible" library="Selenium2Library">
<doc>Verifies that the element identified by `locator` is visible.</doc>
<arguments>
<arg>${TileThemeGreyDeafult}</arg>
</arguments>
<msg timestamp="20170809 13:29:12.193" level="INFO">Verifying element 'xpath=//div[@class='selectable-item-overlay-check']/checkmark[@class='ng-isolate-scope']' is visible.</msg>
<status endtime="20170809 13:29:12.264" starttime="20170809 13:29:12.193" status="PASS"></status>
</kw>
<kw name="Element Should Be Visible" library="Selenium2Library">
<doc>Verifies that the element identified by `locator` is visible.</doc>
<arguments>
<arg>${TileThemeMountains}</arg>
</arguments>
<msg timestamp="20170809 13:29:12.265" level="INFO">Verifying element 'xpath=//div[@class='theme-background'][@style='background-image: url("http://amigoimgs.cdnmail.ru/299fae27a22ce3a9b43d9f878784c7bb.jpg");']' is visible.</msg>
<status endtime="20170809 13:29:12.317" starttime="20170809 13:29:12.264" status="PASS"></status>
</kw>
<kw name="Element Should Be Visible" library="Selenium2Library">
<doc>Verifies that the element identified by `locator` is visible.</doc>
<arguments>
<arg>${TileThemeAbstract}</arg>
</arguments>
<msg timestamp="20170809 13:29:12.317" level="INFO">Verifying element 'xpath=//div[@class='theme-background'][@style='background-image: url("http://amigoimgs.cdnmail.ru/3b81d18b013ebdd50f8ba980b7640834.jpg");']' is visible.</msg>
<status endtime="20170809 13:29:12.377" starttime="20170809 13:29:12.317" status="PASS"></status>
</kw>
<kw name="Element Should Be Visible" library="Selenium2Library">
<doc>Verifies that the element identified by `locator` is visible.</doc>
<arguments>
<arg>${TileThemeCitrus}</arg>
</arguments>
<msg timestamp="20170809 13:29:12.377" level="INFO">Verifying element 'xpath=//div[@class='theme-background'][@style='background-image: url("http://amigoimgs.cdnmail.ru/af5e58c3e5a013c1bd826f661c8a471c.jpg");']' is visible.</msg>
<status endtime="20170809 13:29:12.430" starttime="20170809 13:29:12.377" status="PASS"></status>
</kw>
<kw name="Element Should Be Visible" library="Selenium2Library">
<doc>Verifies that the element identified by `locator` is visible.</doc>
<arguments>
<arg>${TileThemeGames}</arg>
</arguments>
<msg timestamp="20170809 13:29:12.430" level="INFO">Verifying element 'xpath=//div[@class='theme-background'][@style='background-image: url("http://amigoimgs.cdnmail.ru/d292b9ed0256cce4ab4785a3e66e0b3f.jpg");']' is visible.</msg>
<status endtime="20170809 13:29:12.467" starttime="20170809 13:29:12.430" status="PASS"></status>
</kw>
<kw name="Element Should Be Visible" library="Selenium2Library">
<doc>Verifies that the element identified by `locator` is visible.</doc>
<arguments>
<arg>${TileThemeGrass}</arg>
</arguments>
<msg timestamp="20170809 13:29:12.468" level="INFO">Verifying element 'xpath=//div[@class='theme-background'][@style='background-image: url("http://amigoimgs.cdnmail.ru/1e1b128f6875fe197758877699b6cc15.jpg");']' is visible.</msg>
<status endtime="20170809 13:29:12.567" starttime="20170809 13:29:12.467" status="PASS"></status>
</kw>
<kw name="Element Should Be Visible" library="Selenium2Library">
<doc>Verifies that the element identified by `locator` is visible.</doc>
<arguments>
<arg>${TileThemeRedFlowers}</arg>
</arguments>
<msg timestamp="20170809 13:29:12.567" level="INFO">Verifying element 'xpath=//div[@class='theme-background'][@style='background-image: url("http://amigoimgs.cdnmail.ru/76c327ce70d92f6fe2b5101bbaaec42d.jpg");']' is visible.</msg>
<status endtime="20170809 13:29:12.605" starttime="20170809 13:29:12.567" status="PASS"></status>
</kw>
<kw name="Element Should Be Visible" library="Selenium2Library">
<doc>Verifies that the element identified by `locator` is visible.</doc>
<arguments>
<arg>${TileThemeBlueFlower}</arg>
</arguments>
<msg timestamp="20170809 13:29:12.605" level="INFO">Verifying element 'xpath=//div[@class='theme-background'][@style='background-image: url("http://amigoimgs.cdnmail.ru/578d182e78c54d65d5fddb530f423005.jpg");']' is visible.</msg>
<status endtime="20170809 13:29:12.642" starttime="20170809 13:29:12.605" status="PASS"></status>
</kw>
<kw name="Element Should Be Visible" library="Selenium2Library">
<doc>Verifies that the element identified by `locator` is visible.</doc>
<arguments>
<arg>${TileThemeCity}</arg>
</arguments>
<msg timestamp="20170809 13:29:12.643" level="INFO">Verifying element 'xpath=//div[@class='theme-background'][@style='background-image: url("http://amigoimgs.cdnmail.ru/825a866d8dfdcddfd01dee9730691676.jpg");']' is visible.</msg>
<status endtime="20170809 13:29:12.675" starttime="20170809 13:29:12.642" status="PASS"></status>
</kw>
<kw name="Element Should Be Visible" library="Selenium2Library">
<doc>Verifies that the element identified by `locator` is visible.</doc>
<arguments>
<arg>${TileThemeHzChoEto}</arg>
</arguments>
<msg timestamp="20170809 13:29:12.676" level="INFO">Verifying element 'xpath=//div[@class='theme-background'][@style='background-image: url("http://amigoimgs.cdnmail.ru/ea251d474f92705e7a2fbbcfc49fa1d6.jpg");']' is visible.</msg>
<status endtime="20170809 13:29:12.706" starttime="20170809 13:29:12.675" status="PASS"></status>
</kw>
<kw name="Element Should Be Visible" library="Selenium2Library">
<doc>Verifies that the element identified by `locator` is visible.</doc>
<arguments>
<arg>${TileThemeWave}</arg>
</arguments>
<msg timestamp="20170809 13:29:12.707" level="INFO">Verifying element 'xpath=//div[@class='theme-background'][@style='background-image: url("http://amigoimgs.cdnmail.ru/dc48548527ca3fe317c5d4e58a9372b8.jpg");']' is visible.</msg>
<status endtime="20170809 13:29:12.738" starttime="20170809 13:29:12.706" status="PASS"></status>
</kw>
<kw name="Element Should Be Visible" library="Selenium2Library">
<doc>Verifies that the element identified by `locator` is visible.</doc>
<arguments>
<arg>${TileThemeTrees}</arg>
</arguments>
<msg timestamp="20170809 13:29:12.739" level="INFO">Verifying element 'xpath=//div[@class='theme-background'][@style='background-image: url("http://amigoimgs.cdnmail.ru/2574f03dae022d4e5696bf930b11589c.jpg");']' is visible.</msg>
<status endtime="20170809 13:29:12.773" starttime="20170809 13:29:12.738" status="PASS"></status>
</kw>
<kw name="Element Should Be Visible" library="Selenium2Library">
<doc>Verifies that the element identified by `locator` is visible.</doc>
<arguments>
<arg>${TileThemeAuroraBorealis}</arg>
</arguments>
<msg timestamp="20170809 13:29:12.774" level="INFO">Verifying element 'xpath=//div[@class='theme-background'][@style='background-image: url("http://amigoimgs.cdnmail.ru/0177885f35c2e77e32af9b23d8e214b2.jpg");']' is visible.</msg>
<status endtime="20170809 13:29:12.815" starttime="20170809 13:29:12.774" status="PASS"></status>
</kw>
<kw name="Element Should Be Visible" library="Selenium2Library">
<doc>Verifies that the element identified by `locator` is visible.</doc>
<arguments>
<arg>${TileThemeGlacierLake}</arg>
</arguments>
<msg timestamp="20170809 13:29:12.816" level="INFO">Verifying element 'xpath=//div[@class='theme-background'][@style='background-image: url("http://amigoimgs.cdnmail.ru/0177885f35c2e77e32af9b23d8e214b2.jpg");']' is visible.</msg>
<status endtime="20170809 13:29:12.828" starttime="20170809 13:29:12.816" status="PASS"></status>
</kw>
<kw name="Element Should Be Visible" library="Selenium2Library">
<doc>Verifies that the element identified by `locator` is visible.</doc>
<arguments>
<arg>${TileThemeMistyRock}</arg>
</arguments>
<msg timestamp="20170809 13:29:12.828" level="INFO">Verifying element 'xpath=//div[@class='theme-background'][@style='background-image: url("http://amigoimgs.cdnmail.ru/42ed0788c241850affac709ff2ffadd1.jpg");']' is visible.</msg>
<status endtime="20170809 13:29:12.858" starttime="20170809 13:29:12.828" status="PASS"></status>
</kw>
<kw name="Element Should Be Visible" library="Selenium2Library">
<doc>Verifies that the element identified by `locator` is visible.</doc>
<arguments>
<arg>${OnboardingControlTitle}</arg>
</arguments>
<msg timestamp="20170809 13:29:12.859" level="INFO">Verifying element 'xpath=//span[@class='onboarding-title ng-binding'][text()='Выберите фон']' is visible.</msg>
<status endtime="20170809 13:29:13.077" starttime="20170809 13:29:12.859" status="PASS"></status>
</kw>
<kw name="Element Should Be Visible" library="Selenium2Library">
<doc>Verifies that the element identified by `locator` is visible.</doc>
<arguments>
<arg>${OnboardingControlDescription}</arg>
</arguments>
<msg timestamp="20170809 13:29:13.078" level="INFO">Verifying element 'xpath=//span[@class='onboarding-description-text ng-binding'][text()='Яркий фон из нашей коллекции поднимет вам настроение.']' is visible.</msg>
<status endtime="20170809 13:29:13.136" starttime="20170809 13:29:13.078" status="PASS"></status>
</kw>
<kw name="Element Should Be Visible" library="Selenium2Library">
<doc>Verifies that the element identified by `locator` is visible.</doc>
<arguments>
<arg>${OnboardingControlProgress12}</arg>
</arguments>
<msg timestamp="20170809 13:29:13.136" level="INFO">Verifying element 'xpath=//span[@class='onboarding-progress ng-binding'][text()='1 из 2']' is visible.</msg>
<status endtime="20170809 13:29:13.178" starttime="20170809 13:29:13.136" status="PASS"></status>
</kw>
<kw name="Element Should Be Visible" library="Selenium2Library">
<doc>Verifies that the element identified by `locator` is visible.</doc>
<arguments>
<arg>${OnboardingControlSkip}</arg>
</arguments>
<msg timestamp="20170809 13:29:13.178" level="INFO">Verifying element 'xpath=//button[@class='onboarding-skip-button action-button secondary-button'][text()='Пропустить']' is visible.</msg>
<status endtime="20170809 13:29:13.228" starttime="20170809 13:29:13.178" status="PASS"></status>
</kw>
<kw name="Element Should Be Visible" library="Selenium2Library">
<doc>Verifies that the element identified by `locator` is visible.</doc>
<arguments>
<arg>${OnboardingControlContinue}</arg>
</arguments>
<msg timestamp="20170809 13:29:13.228" level="INFO">Verifying element 'xpath=//button[@class='onboarding-continue-button action-button primary-button ng-binding'][text()='Продолжить']' is visible.</msg>
<status endtime="20170809 13:29:13.267" starttime="20170809 13:29:13.228" status="PASS"></status>
</kw>
<status endtime="20170809 13:29:13.267" starttime="20170809 13:29:11.231" status="PASS"></status>
</kw>
<kw name="Click Element" library="Selenium2Library">
<doc>Click element identified by `locator`.</doc>
<arguments>
<arg>${OnboardingControlSkip}</arg>
</arguments>
<msg timestamp="20170809 13:29:13.268" level="INFO">Clicking element 'xpath=//button[@class='onboarding-skip-button action-button secondary-button'][text()='Пропустить']'.</msg>
<status endtime="20170809 13:29:13.403" starttime="20170809 13:29:13.268" status="PASS"></status>
</kw>
<kw name="Onboarding Page Two" library="onboarding_pages">
<kw name="Element Should Be Visible" library="Selenium2Library">
<doc>Verifies that the element identified by `locator` is visible.</doc>
<arguments>
<arg>${PulsOnboardingTitle}</arg>
</arguments>
<msg timestamp="20170809 13:29:13.404" level="INFO">Verifying element 'xpath=//div[@class='slide-content']/span[@class='slide-title'][text()='Настройте Пульс']' is visible.</msg>
<status endtime="20170809 13:29:13.691" starttime="20170809 13:29:13.403" status="PASS"></status>
</kw>
<kw name="Element Should Be Visible" library="Selenium2Library">
<doc>Verifies that the element identified by `locator` is visible.</doc>
<arguments>
<arg>${TileEmailSelected}</arg>
</arguments>
<msg timestamp="20170809 13:29:13.691" level="INFO">Verifying element 'xpath=//div[@class='selectable-item-overlay-check']/../preceding-sibling::div/email-tile' is visible.</msg>
<status endtime="20170809 13:29:13.779" starttime="20170809 13:29:13.691" status="PASS"></status>
</kw>
<kw name="Element Should Be Visible" library="Selenium2Library">
<doc>Verifies that the element identified by `locator` is visible.</doc>
<arguments>
<arg>${TileMailRuSelected}</arg>
</arguments>
<msg timestamp="20170809 13:29:13.780" level="INFO">Verifying element 'xpath=//div[@class='selectable-item-overlay-check']/../preceding-sibling::div/site-tile//div[@class='tile-title-container']/span[text()='Mail.Ru']' is visible.</msg>
<status endtime="20170809 13:29:13.816" starttime="20170809 13:29:13.779" status="PASS"></status>
</kw>
<kw name="Element Should Be Visible" library="Selenium2Library">
<doc>Verifies that the element identified by `locator` is visible.</doc>
<arguments>
<arg>${TileHoroSelected}</arg>
</arguments>
<msg timestamp="20170809 13:29:13.816" level="INFO">Verifying element 'xpath=//div[@class='selectable-item-overlay-check']/../preceding-sibling::div/horo-tile' is visible.</msg>
<status endtime="20170809 13:29:13.849" starttime="20170809 13:29:13.816" status="PASS"></status>
</kw>
<kw name="Element Should Be Visible" library="Selenium2Library">
<doc>Verifies that the element identified by `locator` is visible.</doc>
<arguments>
<arg>${TileWeatherSelected}</arg>
</arguments>
<msg timestamp="20170809 13:29:13.849" level="INFO">Verifying element 'xpath=//div[@class='selectable-item-overlay-check']/../preceding-sibling::div/weather-tile' is visible.</msg>
<status endtime="20170809 13:29:13.881" starttime="20170809 13:29:13.849" status="PASS"></status>
</kw>
<kw name="Element Should Be Visible" library="Selenium2Library">
<doc>Verifies that the element identified by `locator` is visible.</doc>
<arguments>
<arg>${TileCurrencySelected}</arg>
</arguments>
<msg timestamp="20170809 13:29:13.881" level="INFO">Verifying element 'xpath=//div[@class='selectable-item-overlay-check']/../preceding-sibling::div/currency-tile' is visible.</msg>
<status endtime="20170809 13:29:13.914" starttime="20170809 13:29:13.881" status="PASS"></status>
</kw>
<kw name="Element Should Be Visible" library="Selenium2Library">
<doc>Verifies that the element identified by `locator` is visible.</doc>
<arguments>
<arg>${TileAliExpressSelected}</arg>
</arguments>
<msg timestamp="20170809 13:29:13.915" level="INFO">Verifying element 'xpath=//div[@class='selectable-item-overlay-check']/../preceding-sibling::div/site-tile//div[@class='tile-title-container']/span[text()='AliExpress.com']' is visible.</msg>
<status endtime="20170809 13:29:13.945" starttime="20170809 13:29:13.914" status="PASS"></status>
</kw>
<kw name="Element Should Be Visible" library="Selenium2Library">
<doc>Verifies that the element identified by `locator` is visible.</doc>
<arguments>
<arg>${TileArmataSelected}</arg>
</arguments>
<msg timestamp="20170809 13:29:13.946" level="INFO">Verifying element 'xpath=//div[@class='selectable-item-overlay-check']/../preceding-sibling::div/content-tile//div[@class='tile-title-container']/span[text()='Армата']' is visible.</msg>
<status endtime="20170809 13:29:13.977" starttime="20170809 13:29:13.946" status="PASS"></status>
</kw>
<kw name="Element Should Be Visible" library="Selenium2Library">
<doc>Verifies that the element identified by `locator` is visible.</doc>
<arguments>
<arg>${TileCloudSelected}</arg>
</arguments>
<msg timestamp="20170809 13:29:13.978" level="INFO">Verifying element 'xpath=//div[@class='selectable-item-overlay-check']/../preceding-sibling::div/site-tile//div[@class='tile-title-container']/span[contains(text(),'Облако')]' is visible.</msg>
<status endtime="20170809 13:29:14.014" starttime="20170809 13:29:13.978" status="PASS"></status>
</kw>
<kw name="Element Should Be Visible" library="Selenium2Library">
<doc>Verifies that the element identified by `locator` is visible.</doc>
<arguments>
<arg>${TileCinemaSelected}</arg>
</arguments>
<msg timestamp="20170809 13:29:14.014" level="INFO">Verifying element 'xpath=//div[@class='selectable-item-overlay-check']/../preceding-sibling::div/site-tile//div[@class='tile-title-container']/span[contains(text(), 'Кино')]' is visible.</msg>
<status endtime="20170809 13:29:14.050" starttime="20170809 13:29:14.014" status="PASS"></status>
</kw>
<kw name="Element Should Be Visible" library="Selenium2Library">
<doc>Verifies that the element identified by `locator` is visible.</doc>
<arguments>
<arg>${TileOKSelected}</arg>
</arguments>
<msg timestamp="20170809 13:29:14.050" level="INFO">Verifying element 'xpath=//div[@class='selectable-item-overlay-check']/../preceding-sibling::div/site-tile//div[@class='tile-title-container']/span[text()='Одноклассники']' is visible.</msg>
<status endtime="20170809 13:29:14.101" starttime="20170809 13:29:14.050" status="PASS"></status>
</kw>
<kw name="Element Should Be Visible" library="Selenium2Library">
<doc>Verifies that the element identified by `locator` is visible.</doc>
<arguments>
<arg>${TileVKSelected}</arg>
</arguments>
<msg timestamp="20170809 13:29:14.101" level="INFO">Verifying element 'xpath=//div[@class='selectable-item-overlay-check']/../preceding-sibling::div/site-tile//div[@class='tile-title-container']/span[text()='ВКонтакте']' is visible.</msg>
<status endtime="20170809 13:29:14.136" starttime="20170809 13:29:14.101" status="PASS"></status>
</kw>
<kw name="Element Should Be Visible" library="Selenium2Library">
<doc>Verifies that the element identified by `locator` is visible.</doc>
<arguments>
<arg>${TileMMSelected}</arg>
</arguments>
<msg timestamp="20170809 13:29:14.137" level="INFO">Verifying element 'xpath=//div[@class='selectable-item-overlay-check']/../preceding-sibling::div/site-tile//div[@class='tile-title-container']/span[contains(text(), 'Мир@mail.ru')]' is visible.</msg>
<status endtime="20170809 13:29:14.167" starttime="20170809 13:29:14.136" status="PASS"></status>
</kw>
<kw name="Element Should Be Visible" library="Selenium2Library">
<doc>Verifies that the element identified by `locator` is visible.</doc>
<arguments>
<arg>${TileArcheAge}</arg>
</arguments>
<msg timestamp="20170809 13:29:14.167" level="INFO">Verifying element 'xpath=//content-tile//div[@class='tile-title-container']/span[text()='ArcheAge']' is visible.</msg>
<status endtime="20170809 13:29:14.198" starttime="20170809 13:29:14.167" status="PASS"></status>
</kw>
<kw name="Element Should Be Visible" library="Selenium2Library">
<doc>Verifies that the element identified by `locator` is visible.</doc>
<arguments>
<arg>${TileCrossfire}</arg>
</arguments>
<msg timestamp="20170809 13:29:14.198" level="INFO">Verifying element 'xpath=//content-tile//div[@class='tile-title-container']/span[text()='Crossfire']' is visible.</msg>
<status endtime="20170809 13:29:14.228" starttime="20170809 13:29:14.198" status="PASS"></status>
</kw>
<kw name="Element Should Be Visible" library="Selenium2Library">
<doc>Verifies that the element identified by `locator` is visible.</doc>
<arguments>
<arg>${TileBoomz}</arg>
</arguments>
<msg timestamp="20170809 13:29:14.228" level="INFO">Verifying element 'xpath=//content-tile//div[@class='tile-title-container']/span[text()='Бумз!']' is visible.</msg>
<status endtime="20170809 13:29:14.259" starttime="20170809 13:29:14.228" status="PASS"></status>
</kw>
<kw name="Element Should Be Visible" library="Selenium2Library">
<doc>Verifies that the element identified by `locator` is visible.</doc>
<arguments>
<arg>${TileParaPa}</arg>
</arguments>
<msg timestamp="20170809 13:29:14.259" level="INFO">Verifying element 'xpath=//content-tile//div[@class='tile-title-container']/span[text()='ПараПа']' is visible.</msg>
<status endtime="20170809 13:29:14.289" starttime="20170809 13:29:14.259" status="PASS"></status>
</kw>
<kw name="Element Should Be Visible" library="Selenium2Library">
<doc>Verifies that the element identified by `locator` is visible.</doc>
<arguments>
<arg>${TilePerfectWorld}</arg>
</arguments>
<msg timestamp="20170809 13:29:14.290" level="INFO">Verifying element 'xpath=//content-tile//div[@class='tile-title-container']/span[contains(text(), 'Perfect')]' is visible.</msg>
<status endtime="20170809 13:29:14.320" starttime="20170809 13:29:14.290" status="PASS"></status>
</kw>
<kw name="Element Should Be Visible" library="Selenium2Library">
<doc>Verifies that the element identified by `locator` is visible.</doc>
<arguments>
<arg>${TileWarFace}</arg>
</arguments>
<msg timestamp="20170809 13:29:14.320" level="INFO">Verifying element 'xpath=//content-tile//div[@class='tile-title-container']/span[text()='Warface']' is visible.</msg>
<status endtime="20170809 13:29:14.350" starttime="20170809 13:29:14.320" status="PASS"></status>
</kw>
<kw name="Element Should Be Visible" library="Selenium2Library">
<doc>Verifies that the element identified by `locator` is visible.</doc>
<arguments>
<arg>${TileSkyForge}</arg>
</arguments>
<msg timestamp="20170809 13:29:14.350" level="INFO">Verifying element 'xpath=//content-tile//div[@class='tile-title-container']/span[text()='Skyforge']' is visible.</msg>
<status endtime="20170809 13:29:14.381" starttime="20170809 13:29:14.350" status="PASS"></status>
</kw>
<kw name="Element Should Be Visible" library="Selenium2Library">
<doc>Verifies that the element identified by `locator` is visible.</doc>
<arguments>
<arg>${TileAllods}</arg>
</arguments>
<msg timestamp="20170809 13:29:14.381" level="INFO">Verifying element 'xpath=//content-tile//div[@class='tile-title-container']/span[text()='Allods']' is visible.</msg>
<status endtime="20170809 13:29:14.411" starttime="20170809 13:29:14.381" status="PASS"></status>
</kw>
<kw name="Element Should Be Visible" library="Selenium2Library">
<doc>Verifies that the element identified by `locator` is visible.</doc>
<arguments>
<arg>${OnboardingControl2Title}</arg>
</arguments>
<msg timestamp="20170809 13:29:14.412" level="INFO">Verifying element 'xpath=//span[@class='onboarding-title ng-binding'][text()='Добавьте любимые сайты']' is visible.</msg>
<status endtime="20170809 13:29:14.434" starttime="20170809 13:29:14.411" status="PASS"></status>
</kw>
<kw name="Element Should Be Visible" library="Selenium2Library">
<doc>Verifies that the element identified by `locator` is visible.</doc>
<arguments>
<arg>${OnboardingControl2Description}</arg>
</arguments>
<msg timestamp="20170809 13:29:14.434" level="INFO">Verifying element 'xpath=//span[@class='onboarding-description-text ng-binding'][text()='Добавьте часто посещаемые страницы в «Мои сайты», чтобы они всегда были под рукой.']' is visible.</msg>
<status endtime="20170809 13:29:14.456" starttime="20170809 13:29:14.434" status="PASS"></status>
</kw>
<kw name="Element Should Be Visible" library="Selenium2Library">
<doc>Verifies that the element identified by `locator` is visible.</doc>
<arguments>
<arg>${OnboardingControlProgress22}</arg>
</arguments>
<msg timestamp="20170809 13:29:14.457" level="INFO">Verifying element 'xpath=//span[@class='onboarding-progress ng-binding'][text()='2 из 2']' is visible.</msg>
<status endtime="20170809 13:29:14.478" starttime="20170809 13:29:14.456" status="PASS"></status>
</kw>
<kw name="Element Should Be Visible" library="Selenium2Library">
<doc>Verifies that the element identified by `locator` is visible.</doc>
<arguments>
<arg>${OnboardingControlSkip}</arg>
</arguments>
<msg timestamp="20170809 13:29:14.478" level="INFO">Verifying element 'xpath=//button[@class='onboarding-skip-button action-button secondary-button'][text()='Пропустить']' is visible.</msg>
<status endtime="20170809 13:29:14.493" starttime="20170809 13:29:14.478" status="PASS"></status>
</kw>
<kw name="Element Should Be Visible" library="Selenium2Library">
<doc>Verifies that the element identified by `locator` is visible.</doc>
<arguments>
<arg>${OnboardingControlAdd}</arg>
</arguments>
<msg timestamp="20170809 13:29:14.493" level="INFO">Verifying element 'xpath=//button[@class='onboarding-continue-button action-button primary-button ng-binding'][text()='Добавить']' is visible.</msg>
<status endtime="20170809 13:29:14.515" starttime="20170809 13:29:14.493" status="PASS"></status>
</kw>
<status endtime="20170809 13:29:14.515" starttime="20170809 13:29:13.403" status="PASS"></status>
</kw>
<kw name="Click Element" library="Selenium2Library">
<doc>Click element identified by `locator`.</doc>
<arguments>
<arg>${OnboardingControlSkip}</arg>
</arguments>
<msg timestamp="20170809 13:29:14.516" level="INFO">Clicking element 'xpath=//button[@class='onboarding-skip-button action-button secondary-button'][text()='Пропустить']'.</msg>
<status endtime="20170809 13:29:14.559" starttime="20170809 13:29:14.516" status="PASS"></status>
</kw>
<kw name="Board Default" library="puls_boards_pages">
<kw name="Element Should Be Enabled" library="Selenium2Library">
<doc>Verifies that element identified with `locator` is enabled.</doc>
<arguments>
<arg>${SearchLineTextBox}</arg>
</arguments>
<status endtime="20170809 13:29:14.606" starttime="20170809 13:29:14.559" status="PASS"></status>
</kw>
<kw name="Element Should Be Visible" library="Selenium2Library">
<doc>Verifies that the element identified by `locator` is visible.</doc>
<arguments>
<arg>${SearchFormGoMailRu}</arg>
</arguments>
<msg timestamp="20170809 13:29:14.606" level="INFO">Verifying element 'xpath=//search-form//form[@action='https://go.mail.ru/search']' is visible.</msg>
<status endtime="20170809 13:29:14.644" starttime="20170809 13:29:14.606" status="PASS"></status>
</kw>
<kw name="Element Should Be Visible" library="Selenium2Library">
<doc>Verifies that the element identified by `locator` is visible.</doc>
<arguments>
<arg>${SearchFormLoupeIcon}</arg>
</arguments>
<msg timestamp="20170809 13:29:14.644" level="INFO">Verifying element 'xpath=//svg-container[@image="'img/search/loupe.svg#loupe'"]' is visible.</msg>
<status endtime="20170809 13:29:14.677" starttime="20170809 13:29:14.644" status="PASS"></status>
</kw>
<status endtime="20170809 13:29:14.677" starttime="20170809 13:29:14.559" status="PASS"></status>
</kw>
<kw name="Close Chrome" library="chrome_webdriver">
<kw name="Close Browser" library="Selenium2Library">
<doc>Closes the current browser.</doc>
<status endtime="20170809 13:29:17.734" starttime="20170809 13:29:14.677" status="PASS"></status>
</kw>
<status endtime="20170809 13:29:17.735" starttime="20170809 13:29:14.677" status="PASS"></status>
</kw>
<status endtime="20170809 13:29:17.735" starttime="20170809 13:29:05.183" status="PASS" critical="yes"></status>
</test>
<doc>these are tests for Puls Extension for Google Chrome Browser
the latest version of chrome and chromedriver is used
to test the same in Amigo you need to use a path to Amigo binary and the version of chromedriver,
that is suitable for current Amigo Chromium version (see webdriver/chrome_webdriver.robot)</doc>
<status endtime="20170809 13:29:17.735" starttime="20170809 13:28:50.809" status="PASS"></status>
</suite>
<statistics>
<total>
<stat fail="0" pass="2">Critical Tests</stat>
<stat fail="0" pass="2">All Tests</stat>
</total>
<tag>
</tag>
<suite>
<stat fail="0" id="s1" pass="2" name="Onboarding">Onboarding</stat>
</suite>
</statistics>
<errors>
</errors>
</robot>
